ZBLibrary/build/outputs/logs/manifest-merger-debug-report.txt
-- Merging decision tree log ---
manifest
ADDED from src/main/AndroidManifest.xml:1:1-90:12
INJECTED from src/main/AndroidManifest.xml:1:1-90:12
INJECTED from src/main/AndroidManifest.xml:1:1-90:12
INJECTED from src/main/AndroidManifest.xml:1:1-90:12
INJECTED from src/main/AndroidManifest.xml:1:1-90:12
INJECTED from src/main/AndroidManifest.xml:1:1-90:12
INJECTED from src/main/AndroidManifest.xml:1:1-90:12
	package
		ADDED from src/main/AndroidManifest.xml:2:5-31
		INJECTED from src/main/AndroidManifest.xml
		INJECTED from src/main/AndroidManifest.xml
	android:versionName
		ADDED from src/main/AndroidManifest.xml:4:5-46
		INJECTED from src/main/AndroidManifest.xml
		INJECTED from src/main/AndroidManifest.xml
	xmlns:android
		ADDED from src/main/AndroidManifest.xml:1:11-69
	android:versionCode
		ADDED from src/main/AndroidManifest.xml:3:5-28
		INJECTED from src/main/AndroidManifest.xml
		INJECTED from src/main/AndroidManifest.xml
uses-sdk
ADDED from src/main/AndroidManifest.xml:6:5-8:41
INJECTED from src/main/AndroidManifest.xml:6:5-8:41
INJECTED from src/main/AndroidManifest.xml:6:5-8:41
INJECTED from src/main/AndroidManifest.xml:6:5-8:41
INJECTED from src/main/AndroidManifest.xml:6:5-8:41
	android:targetSdkVersion
		ADDED from src/main/AndroidManifest.xml:8:9-38
		INJECTED from src/main/AndroidManifest.xml
		INJECTED from src/main/AndroidManifest.xml
	android:minSdkVersion
		ADDED from src/main/AndroidManifest.xml:7:9-35
		INJECTED from src/main/AndroidManifest.xml
		INJECTED from src/main/AndroidManifest.xml
uses-permission#android.permission.READ_EXTERNAL_STORAGE
ADDED from src/main/AndroidManifest.xml:14:5-80
	android:name
		ADDED from src/main/AndroidManifest.xml:14:22-77
uses-permission#android.permission.WRITE_EXTERNAL_STORAGE
ADDED from src/main/AndroidManifest.xml:15:5-81
	android:name
		ADDED from src/main/AndroidManifest.xml:15:22-78
uses-permission#android.permission.MOUNT_UNMOUNT_FILESYSTEMS
ADDED from src/main/AndroidManifest.xml:16:5-84
	android:name
		ADDED from src/main/AndroidManifest.xml:16:22-81
uses-permission#android.permission.INTERNET
ADDED from src/main/AndroidManifest.xml:17:5-67
	android:name
		ADDED from src/main/AndroidManifest.xml:17:22-64
uses-permission#android.permission.ACCESS_NETWORK_STATE
ADDED from src/main/AndroidManifest.xml:19:5-79
	android:name
		ADDED from src/main/AndroidManifest.xml:19:22-76
uses-permission#android.permission.ACCESS_WIFI_STATE
ADDED from src/main/AndroidManifest.xml:20:5-76
	android:name
		ADDED from src/main/AndroidManifest.xml:20:22-73
uses-permission#android.permission.ACCESS_FINE_LOCATION
ADDED from src/main/AndroidManifest.xml:21:5-79
	android:name
		ADDED from src/main/AndroidManifest.xml:21:22-76
uses-permission#android.permission.CAMERA
ADDED from src/main/AndroidManifest.xml:22:5-65
	android:name
		ADDED from src/main/AndroidManifest.xml:22:22-62
uses-permission#android.permission.CALL_PHONE
ADDED from src/main/AndroidManifest.xml:23:5-69
	android:name
		ADDED from src/main/AndroidManifest.xml:23:22-66
uses-permission#android.permission.SEND_SMS
ADDED from src/main/AndroidManifest.xml:24:5-67
	android:name
		ADDED from src/main/AndroidManifest.xml:24:22-64
application
ADDED from src/main/AndroidManifest.xml:28:5-86:19
	android:label
		ADDED from src/main/AndroidManifest.xml:29:9-41
	android:theme
		ADDED from src/main/AndroidManifest.xml:30:9-40
activity#zuo.biao.library.ui.SelectPictureActivity
ADDED from src/main/AndroidManifest.xml:32:9-36:63
	android:screenOrientation
		ADDED from src/main/AndroidManifest.xml:34:13-49
	android:windowSoftInputMode
		ADDED from src/main/AndroidManifest.xml:36:13-60
	android:theme
		ADDED from src/main/AndroidManifest.xml:35:13-55
	android:name
		ADDED from src/main/AndroidManifest.xml:33:13-69
activity#zuo.biao.library.ui.CutPictureActivity
ADDED from src/main/AndroidManifest.xml:37:9-41:63
	android:screenOrientation
		ADDED from src/main/AndroidManifest.xml:39:13-49
	android:windowSoftInputMode
		ADDED from src/main/AndroidManifest.xml:41:13-60
	android:theme
		ADDED from src/main/AndroidManifest.xml:40:13-42
	android:name
		ADDED from src/main/AndroidManifest.xml:38:13-66
activity#zuo.biao.library.ui.WebViewActivity
ADDED from src/main/AndroidManifest.xml:42:9-46:88
	android:screenOrientation
		ADDED from src/main/AndroidManifest.xml:45:13-49
	android:launchMode
		ADDED from src/main/AndroidManifest.xml:44:13-43
	android:windowSoftInputMode
		ADDED from src/main/AndroidManifest.xml:46:13-85
	android:name
		ADDED from src/main/AndroidManifest.xml:43:13-63
activity#zuo.biao.library.ui.EditTextInfoActivity
ADDED from src/main/AndroidManifest.xml:47:9-50:86
	android:screenOrientation
		ADDED from src/main/AndroidManifest.xml:49:13-49
	android:windowSoftInputMode
		ADDED from src/main/AndroidManifest.xml:50:13-83
	android:name
		ADDED from src/main/AndroidManifest.xml:48:13-68
activity#zuo.biao.library.ui.ServerSettingActivity
ADDED from src/main/AndroidManifest.xml:51:9-54:57
	android:screenOrientation
		ADDED from src/main/AndroidManifest.xml:53:13-49
	android:windowSoftInputMode
		ADDED from src/main/AndroidManifest.xml:54:13-54
	android:name
		ADDED from src/main/AndroidManifest.xml:52:13-69
activity#zuo.biao.library.ui.TopMenuWindow
ADDED from src/main/AndroidManifest.xml:55:9-59:63
	android:screenOrientation
		ADDED from src/main/AndroidManifest.xml:57:13-49
	android:windowSoftInputMode
		ADDED from src/main/AndroidManifest.xml:59:13-60
	android:theme
		ADDED from src/main/AndroidManifest.xml:58:13-42
	android:name
		ADDED from src/main/AndroidManifest.xml:56:13-61
activity#zuo.biao.library.ui.BottomMenuWindow
ADDED from src/main/AndroidManifest.xml:60:9-64:63
	android:screenOrientation
		ADDED from src/main/AndroidManifest.xml:62:13-49
	android:windowSoftInputMode
		ADDED from src/main/AndroidManifest.xml:64:13-60
	android:theme
		ADDED from src/main/AndroidManifest.xml:63:13-42
	android:name
		ADDED from src/main/AndroidManifest.xml:61:13-64
activity#zuo.biao.library.ui.EditTextInfoWindow
ADDED from src/main/AndroidManifest.xml:65:9-69:89
	android:screenOrientation
		ADDED from src/main/AndroidManifest.xml:67:13-49
	android:windowSoftInputMode
		ADDED from src/main/AndroidManifest.xml:69:13-86
	android:theme
		ADDED from src/main/AndroidManifest.xml:68:13-42
	android:name
		ADDED from src/main/AndroidManifest.xml:66:13-66
activity#zuo.biao.library.ui.PlacePickerWindow
ADDED from src/main/AndroidManifest.xml:70:9-74:63
	android:screenOrientation
		ADDED from src/main/AndroidManifest.xml:72:13-49
	android:windowSoftInputMode
		ADDED from src/main/AndroidManifest.xml:74:13-60
	android:theme
		ADDED from src/main/AndroidManifest.xml:73:13-42
	android:name
		ADDED from src/main/AndroidManifest.xml:71:13-65
activity#zuo.biao.library.ui.DatePickerWindow
ADDED from src/main/AndroidManifest.xml:75:9-79:63
	android:screenOrientation
		ADDED from src/main/AndroidManifest.xml:77:13-49
	android:windowSoftInputMode
		ADDED from src/main/AndroidManifest.xml:79:13-60
	android:theme
		ADDED from src/main/AndroidManifest.xml:78:13-42
	android:name
		ADDED from src/main/AndroidManifest.xml:76:13-64
activity#zuo.biao.library.ui.TimePickerWindow
ADDED from src/main/AndroidManifest.xml:80:9-84:63
	android:screenOrientation
		ADDED from src/main/AndroidManifest.xml:82:13-49
	android:windowSoftInputMode
		ADDED from src/main/AndroidManifest.xml:84:13-60
	android:theme
		ADDED from src/main/AndroidManifest.xml:83:13-42
	android:name
		ADDED from src/main/AndroidManifest.xml:81:13-64